Determining if the pthread_create exist failed with the following output:
Change Dir: /home/robot/ROS/creepy_crawler/build/usb_cam/CMakeFiles/CMakeTmp

Run Build Command:"/usr/bin/make" "cmTC_77ad6/fast"
/usr/bin/make -f CMakeFiles/cmTC_77ad6.dir/build.make CMakeFiles/cmTC_77ad6.dir/build
make[1]: Entering directory '/home/robot/ROS/creepy_crawler/build/usb_cam/CMakeFiles/CMakeTmp'
Building C object CMakeFiles/cmTC_77ad6.dir/CheckSymbolExists.c.o
/usr/bin/cc     -o CMakeFiles/cmTC_77ad6.dir/CheckSymbolExists.c.o   -c /home/robot/ROS/creepy_crawler/build/usb_cam/CMakeFiles/CMakeTmp/CheckSymbolExists.c
Linking C executable cmTC_77ad6
/usr/bin/cmake -E cmake_link_script CMakeFiles/cmTC_77ad6.dir/link.txt --verbose=1
/usr/bin/cc       CMakeFiles/cmTC_77ad6.dir/CheckSymbolExists.c.o  -o cmTC_77ad6 -rdynamic 
CMakeFiles/cmTC_77ad6.dir/CheckSymbolExists.c.o: In function `main':
CheckSymbolExists.c:(.text+0xe): undefined reference to `pthread_create'
CheckSymbolExists.c:(.text+0x12): undefined reference to `pthread_create'
collect2: error: ld returned 1 exit status
CMakeFiles/cmTC_77ad6.dir/build.make:97: recipe for target 'cmTC_77ad6' failed
make[1]: *** [cmTC_77ad6] Error 1
make[1]: Leaving directory '/home/robot/ROS/creepy_crawler/build/usb_cam/CMakeFiles/CMakeTmp'
Makefile:126: recipe for target 'cmTC_77ad6/fast' failed
make: *** [cmTC_77ad6/fast] Error 2

File /home/robot/ROS/creepy_crawler/build/usb_cam/CMakeFiles/CMakeTmp/CheckSymbolExists.c:
/* */
#include <pthread.h>

int main(int argc, char** argv)
{
  (void)argv;
#ifndef pthread_create
  return ((int*)(&pthread_create))[argc];
#else
  (void)argc;
  return 0;
#endif
}

Determining if the function pthread_create exists in the pthreads failed with the following output:
Change Dir: /home/robot/ROS/creepy_crawler/build/usb_cam/CMakeFiles/CMakeTmp

Run Build Command:"/usr/bin/make" "cmTC_24af0/fast"
/usr/bin/make -f CMakeFiles/cmTC_24af0.dir/build.make CMakeFiles/cmTC_24af0.dir/build
make[1]: Entering directory '/home/robot/ROS/creepy_crawler/build/usb_cam/CMakeFiles/CMakeTmp'
Building C object CMakeFiles/cmTC_24af0.dir/CheckFunctionExists.c.o
/usr/bin/cc    -DCHECK_FUNCTION_EXISTS=pthread_create   -o CMakeFiles/cmTC_24af0.dir/CheckFunctionExists.c.o   -c /usr/share/cmake-3.5/Modules/CheckFunctionExists.c
Linking C executable cmTC_24af0
/usr/bin/cmake -E cmake_link_script CMakeFiles/cmTC_24af0.dir/link.txt --verbose=1
/usr/bin/cc   -DCHECK_FUNCTION_EXISTS=pthread_create    CMakeFiles/cmTC_24af0.dir/CheckFunctionExists.c.o  -o cmTC_24af0 -rdynamic -lpthreads 
/usr/bin/ld: cannot find -lpthreads
collect2: error: ld returned 1 exit status
CMakeFiles/cmTC_24af0.dir/build.make:97: recipe for target 'cmTC_24af0' failed
make[1]: *** [cmTC_24af0] Error 1
make[1]: Leaving directory '/home/robot/ROS/creepy_crawler/build/usb_cam/CMakeFiles/CMakeTmp'
Makefile:126: recipe for target 'cmTC_24af0/fast' failed
make: *** [cmTC_24af0/fast] Error 2


